  EndOfTermProject(FINAL).c
C:\Users\MONSTER\source\repos\EndOfTermProject(FINAL)\EndOfTermProject(FINAL)\EndOfTermProject(FINAL).c(153,17): warning C4476: 'printf' : unknown type field character ' ' in format specifier
C:\Users\MONSTER\source\repos\EndOfTermProject(FINAL)\EndOfTermProject(FINAL)\EndOfTermProject(FINAL).c(187,17): warning C4476: 'printf' : unknown type field character ' ' in format specifier
C:\Users\MONSTER\source\repos\EndOfTermProject(FINAL)\EndOfTermProject(FINAL)\EndOfTermProject(FINAL).c(221,17): warning C4476: 'printf' : unknown type field character ' ' in format specifier
C:\Users\MONSTER\source\repos\EndOfTermProject(FINAL)\EndOfTermProject(FINAL)\EndOfTermProject(FINAL).c(255,17): warning C4476: 'printf' : unknown type field character ' ' in format specifier
C:\Users\MONSTER\source\repos\EndOfTermProject(FINAL)\EndOfTermProject(FINAL)\EndOfTermProject(FINAL).c(289,17): warning C4476: 'printf' : unknown type field character ' ' in format specifier
C:\Users\MONSTER\source\repos\EndOfTermProject(FINAL)\EndOfTermProject(FINAL)\EndOfTermProject(FINAL).c(323,17): warning C4476: 'printf' : unknown type field character ' ' in format specifier
C:\Users\MONSTER\source\repos\EndOfTermProject(FINAL)\EndOfTermProject(FINAL)\EndOfTermProject(FINAL).c(357,17): warning C4476: 'printf' : unknown type field character ' ' in format specifier
C:\Users\MONSTER\source\repos\EndOfTermProject(FINAL)\EndOfTermProject(FINAL)\EndOfTermProject(FINAL).c(391,17): warning C4476: 'printf' : unknown type field character ' ' in format specifier
C:\Users\MONSTER\source\repos\EndOfTermProject(FINAL)\EndOfTermProject(FINAL)\EndOfTermProject(FINAL).c(425,17): warning C4476: 'printf' : unknown type field character ' ' in format specifier
C:\Users\MONSTER\source\repos\EndOfTermProject(FINAL)\EndOfTermProject(FINAL)\EndOfTermProject(FINAL).c(459,17): warning C4476: 'printf' : unknown type field character ' ' in format specifier
C:\Users\MONSTER\source\repos\EndOfTermProject(FINAL)\EndOfTermProject(FINAL)\EndOfTermProject(FINAL).c(526,17): warning C4476: 'printf' : unknown type field character ' ' in format specifier
C:\Users\MONSTER\source\repos\EndOfTermProject(FINAL)\EndOfTermProject(FINAL)\EndOfTermProject(FINAL).c(560,17): warning C4476: 'printf' : unknown type field character ' ' in format specifier
C:\Users\MONSTER\source\repos\EndOfTermProject(FINAL)\EndOfTermProject(FINAL)\EndOfTermProject(FINAL).c(594,17): warning C4476: 'printf' : unknown type field character ' ' in format specifier
C:\Users\MONSTER\source\repos\EndOfTermProject(FINAL)\EndOfTermProject(FINAL)\EndOfTermProject(FINAL).c(628,17): warning C4476: 'printf' : unknown type field character ' ' in format specifier
C:\Users\MONSTER\source\repos\EndOfTermProject(FINAL)\EndOfTermProject(FINAL)\EndOfTermProject(FINAL).c(662,17): warning C4476: 'printf' : unknown type field character ' ' in format specifier
C:\Users\MONSTER\source\repos\EndOfTermProject(FINAL)\EndOfTermProject(FINAL)\EndOfTermProject(FINAL).c(696,17): warning C4476: 'printf' : unknown type field character ' ' in format specifier
C:\Users\MONSTER\source\repos\EndOfTermProject(FINAL)\EndOfTermProject(FINAL)\EndOfTermProject(FINAL).c(761,17): warning C4476: 'printf' : unknown type field character ' ' in format specifier
C:\Users\MONSTER\source\repos\EndOfTermProject(FINAL)\EndOfTermProject(FINAL)\EndOfTermProject(FINAL).c(795,17): warning C4476: 'printf' : unknown type field character ' ' in format specifier
C:\Users\MONSTER\source\repos\EndOfTermProject(FINAL)\EndOfTermProject(FINAL)\EndOfTermProject(FINAL).c(829,17): warning C4476: 'printf' : unknown type field character ' ' in format specifier
C:\Users\MONSTER\source\repos\EndOfTermProject(FINAL)\EndOfTermProject(FINAL)\EndOfTermProject(FINAL).c(863,17): warning C4476: 'printf' : unknown type field character ' ' in format specifier
C:\Users\MONSTER\source\repos\EndOfTermProject(FINAL)\EndOfTermProject(FINAL)\EndOfTermProject(FINAL).c(897,17): warning C4476: 'printf' : unknown type field character ' ' in format specifier
C:\Users\MONSTER\source\repos\EndOfTermProject(FINAL)\EndOfTermProject(FINAL)\EndOfTermProject(FINAL).c(986,17): warning C4476: 'printf' : unknown type field character ' ' in format specifier
C:\Users\MONSTER\source\repos\EndOfTermProject(FINAL)\EndOfTermProject(FINAL)\EndOfTermProject(FINAL).c(1020,17): warning C4476: 'printf' : unknown type field character ' ' in format specifier
C:\Users\MONSTER\source\repos\EndOfTermProject(FINAL)\EndOfTermProject(FINAL)\EndOfTermProject(FINAL).c(1054,17): warning C4476: 'printf' : unknown type field character ' ' in format specifier
C:\Users\MONSTER\source\repos\EndOfTermProject(FINAL)\EndOfTermProject(FINAL)\EndOfTermProject(FINAL).c(1088,17): warning C4476: 'printf' : unknown type field character ' ' in format specifier
C:\Users\MONSTER\source\repos\EndOfTermProject(FINAL)\EndOfTermProject(FINAL)\EndOfTermProject(FINAL).c(1122,17): warning C4476: 'printf' : unknown type field character ' ' in format specifier
C:\Users\MONSTER\source\repos\EndOfTermProject(FINAL)\EndOfTermProject(FINAL)\EndOfTermProject(FINAL).c(1156,17): warning C4476: 'printf' : unknown type field character ' ' in format specifier
C:\Users\MONSTER\source\repos\EndOfTermProject(FINAL)\EndOfTermProject(FINAL)\EndOfTermProject(FINAL).c(1190,17): warning C4476: 'printf' : unknown type field character ' ' in format specifier
C:\Users\MONSTER\source\repos\EndOfTermProject(FINAL)\EndOfTermProject(FINAL)\EndOfTermProject(FINAL).c(1255,17): warning C4476: 'printf' : unknown type field character ' ' in format specifier
C:\Users\MONSTER\source\repos\EndOfTermProject(FINAL)\EndOfTermProject(FINAL)\EndOfTermProject(FINAL).c(1289,17): warning C4476: 'printf' : unknown type field character ' ' in format specifier
C:\Users\MONSTER\source\repos\EndOfTermProject(FINAL)\EndOfTermProject(FINAL)\EndOfTermProject(FINAL).c(1323,17): warning C4476: 'printf' : unknown type field character ' ' in format specifier
C:\Users\MONSTER\source\repos\EndOfTermProject(FINAL)\EndOfTermProject(FINAL)\EndOfTermProject(FINAL).c(1357,17): warning C4476: 'printf' : unknown type field character ' ' in format specifier
C:\Users\MONSTER\source\repos\EndOfTermProject(FINAL)\EndOfTermProject(FINAL)\EndOfTermProject(FINAL).c(1421,17): warning C4476: 'printf' : unknown type field character ' ' in format specifier
C:\Users\MONSTER\source\repos\EndOfTermProject(FINAL)\EndOfTermProject(FINAL)\EndOfTermProject(FINAL).c(1455,17): warning C4476: 'printf' : unknown type field character ' ' in format specifier
C:\Users\MONSTER\source\repos\EndOfTermProject(FINAL)\EndOfTermProject(FINAL)\EndOfTermProject(FINAL).c(1489,17): warning C4476: 'printf' : unknown type field character ' ' in format specifier
C:\Users\MONSTER\source\repos\EndOfTermProject(FINAL)\EndOfTermProject(FINAL)\EndOfTermProject(FINAL).c(1523,17): warning C4476: 'printf' : unknown type field character ' ' in format specifier
C:\Users\MONSTER\source\repos\EndOfTermProject(FINAL)\EndOfTermProject(FINAL)\EndOfTermProject(FINAL).c(1557,17): warning C4476: 'printf' : unknown type field character ' ' in format specifier
C:\Users\MONSTER\source\repos\EndOfTermProject(FINAL)\EndOfTermProject(FINAL)\EndOfTermProject(FINAL).c(1620,17): warning C4476: 'printf' : unknown type field character ' ' in format specifier
C:\Users\MONSTER\source\repos\EndOfTermProject(FINAL)\EndOfTermProject(FINAL)\EndOfTermProject(FINAL).c(1654,17): warning C4476: 'printf' : unknown type field character ' ' in format specifier
C:\Users\MONSTER\source\repos\EndOfTermProject(FINAL)\EndOfTermProject(FINAL)\EndOfTermProject(FINAL).c(1688,17): warning C4476: 'printf' : unknown type field character ' ' in format specifier
C:\Users\MONSTER\source\repos\EndOfTermProject(FINAL)\EndOfTermProject(FINAL)\EndOfTermProject(FINAL).c(1722,17): warning C4476: 'printf' : unknown type field character ' ' in format specifier
C:\Users\MONSTER\source\repos\EndOfTermProject(FINAL)\EndOfTermProject(FINAL)\EndOfTermProject(FINAL).c(1808,17): warning C4476: 'printf' : unknown type field character ' ' in format specifier
C:\Users\MONSTER\source\repos\EndOfTermProject(FINAL)\EndOfTermProject(FINAL)\EndOfTermProject(FINAL).c(1842,17): warning C4476: 'printf' : unknown type field character ' ' in format specifier
C:\Users\MONSTER\source\repos\EndOfTermProject(FINAL)\EndOfTermProject(FINAL)\EndOfTermProject(FINAL).c(1876,17): warning C4476: 'printf' : unknown type field character ' ' in format specifier
C:\Users\MONSTER\source\repos\EndOfTermProject(FINAL)\EndOfTermProject(FINAL)\EndOfTermProject(FINAL).c(1910,17): warning C4476: 'printf' : unknown type field character ' ' in format specifier
C:\Users\MONSTER\source\repos\EndOfTermProject(FINAL)\EndOfTermProject(FINAL)\EndOfTermProject(FINAL).c(1974,17): warning C4476: 'printf' : unknown type field character ' ' in format specifier
C:\Users\MONSTER\source\repos\EndOfTermProject(FINAL)\EndOfTermProject(FINAL)\EndOfTermProject(FINAL).c(2008,17): warning C4476: 'printf' : unknown type field character ' ' in format specifier
C:\Users\MONSTER\source\repos\EndOfTermProject(FINAL)\EndOfTermProject(FINAL)\EndOfTermProject(FINAL).c(2042,17): warning C4476: 'printf' : unknown type field character ' ' in format specifier
C:\Users\MONSTER\source\repos\EndOfTermProject(FINAL)\EndOfTermProject(FINAL)\EndOfTermProject(FINAL).c(2108,17): warning C4476: 'printf' : unknown type field character ' ' in format specifier
C:\Users\MONSTER\source\repos\EndOfTermProject(FINAL)\EndOfTermProject(FINAL)\EndOfTermProject(FINAL).c(2142,17): warning C4476: 'printf' : unknown type field character ' ' in format specifier
C:\Users\MONSTER\source\repos\EndOfTermProject(FINAL)\EndOfTermProject(FINAL)\EndOfTermProject(FINAL).c(2176,17): warning C4476: 'printf' : unknown type field character ' ' in format specifier
C:\Users\MONSTER\source\repos\EndOfTermProject(FINAL)\EndOfTermProject(FINAL)\EndOfTermProject(FINAL).c(2210,17): warning C4476: 'printf' : unknown type field character ' ' in format specifier
C:\Users\MONSTER\source\repos\EndOfTermProject(FINAL)\EndOfTermProject(FINAL)\EndOfTermProject(FINAL).c(2244,17): warning C4476: 'printf' : unknown type field character ' ' in format specifier
C:\Users\MONSTER\source\repos\EndOfTermProject(FINAL)\EndOfTermProject(FINAL)\EndOfTermProject(FINAL).c(2309,17): warning C4476: 'printf' : unknown type field character ' ' in format specifier
C:\Users\MONSTER\source\repos\EndOfTermProject(FINAL)\EndOfTermProject(FINAL)\EndOfTermProject(FINAL).c(2343,17): warning C4476: 'printf' : unknown type field character ' ' in format specifier
C:\Users\MONSTER\source\repos\EndOfTermProject(FINAL)\EndOfTermProject(FINAL)\EndOfTermProject(FINAL).c(2377,17): warning C4476: 'printf' : unknown type field character ' ' in format specifier
C:\Users\MONSTER\source\repos\EndOfTermProject(FINAL)\EndOfTermProject(FINAL)\EndOfTermProject(FINAL).c(2411,17): warning C4476: 'printf' : unknown type field character ' ' in format specifier
C:\Users\MONSTER\source\repos\EndOfTermProject(FINAL)\EndOfTermProject(FINAL)\EndOfTermProject(FINAL).c(2500,17): warning C4476: 'printf' : unknown type field character ' ' in format specifier
C:\Users\MONSTER\source\repos\EndOfTermProject(FINAL)\EndOfTermProject(FINAL)\EndOfTermProject(FINAL).c(2534,17): warning C4476: 'printf' : unknown type field character ' ' in format specifier
C:\Users\MONSTER\source\repos\EndOfTermProject(FINAL)\EndOfTermProject(FINAL)\EndOfTermProject(FINAL).c(2568,17): warning C4476: 'printf' : unknown type field character ' ' in format specifier
C:\Users\MONSTER\source\repos\EndOfTermProject(FINAL)\EndOfTermProject(FINAL)\EndOfTermProject(FINAL).c(2602,17): warning C4476: 'printf' : unknown type field character ' ' in format specifier
C:\Users\MONSTER\source\repos\EndOfTermProject(FINAL)\EndOfTermProject(FINAL)\EndOfTermProject(FINAL).c(2664,17): warning C4476: 'printf' : unknown type field character ' ' in format specifier
C:\Users\MONSTER\source\repos\EndOfTermProject(FINAL)\EndOfTermProject(FINAL)\EndOfTermProject(FINAL).c(2698,17): warning C4476: 'printf' : unknown type field character ' ' in format specifier
C:\Users\MONSTER\source\repos\EndOfTermProject(FINAL)\EndOfTermProject(FINAL)\EndOfTermProject(FINAL).c(2732,17): warning C4476: 'printf' : unknown type field character ' ' in format specifier
C:\Users\MONSTER\source\repos\EndOfTermProject(FINAL)\EndOfTermProject(FINAL)\EndOfTermProject(FINAL).c(2796,17): warning C4476: 'printf' : unknown type field character ' ' in format specifier
C:\Users\MONSTER\source\repos\EndOfTermProject(FINAL)\EndOfTermProject(FINAL)\EndOfTermProject(FINAL).c(2830,17): warning C4476: 'printf' : unknown type field character ' ' in format specifier
C:\Users\MONSTER\source\repos\EndOfTermProject(FINAL)\EndOfTermProject(FINAL)\EndOfTermProject(FINAL).c(2864,17): warning C4476: 'printf' : unknown type field character ' ' in format specifier
C:\Users\MONSTER\source\repos\EndOfTermProject(FINAL)\EndOfTermProject(FINAL)\EndOfTermProject(FINAL).c(2898,17): warning C4476: 'printf' : unknown type field character ' ' in format specifier
C:\Users\MONSTER\source\repos\EndOfTermProject(FINAL)\EndOfTermProject(FINAL)\EndOfTermProject(FINAL).c(2932,17): warning C4476: 'printf' : unknown type field character ' ' in format specifier
C:\Users\MONSTER\source\repos\EndOfTermProject(FINAL)\EndOfTermProject(FINAL)\EndOfTermProject(FINAL).c(2996,17): warning C4476: 'printf' : unknown type field character ' ' in format specifier
C:\Users\MONSTER\source\repos\EndOfTermProject(FINAL)\EndOfTermProject(FINAL)\EndOfTermProject(FINAL).c(3030,17): warning C4476: 'printf' : unknown type field character ' ' in format specifier
C:\Users\MONSTER\source\repos\EndOfTermProject(FINAL)\EndOfTermProject(FINAL)\EndOfTermProject(FINAL).c(3064,17): warning C4476: 'printf' : unknown type field character ' ' in format specifier
C:\Users\MONSTER\source\repos\EndOfTermProject(FINAL)\EndOfTermProject(FINAL)\EndOfTermProject(FINAL).c(3098,17): warning C4476: 'printf' : unknown type field character ' ' in format specifier
C:\Users\MONSTER\source\repos\EndOfTermProject(FINAL)\EndOfTermProject(FINAL)\EndOfTermProject(FINAL).c(3162,17): warning C4476: 'printf' : unknown type field character ' ' in format specifier
C:\Users\MONSTER\source\repos\EndOfTermProject(FINAL)\EndOfTermProject(FINAL)\EndOfTermProject(FINAL).c(3196,17): warning C4476: 'printf' : unknown type field character ' ' in format specifier
C:\Users\MONSTER\source\repos\EndOfTermProject(FINAL)\EndOfTermProject(FINAL)\EndOfTermProject(FINAL).c(3230,17): warning C4476: 'printf' : unknown type field character ' ' in format specifier
C:\Users\MONSTER\source\repos\EndOfTermProject(FINAL)\EndOfTermProject(FINAL)\EndOfTermProject(FINAL).c(3264,17): warning C4476: 'printf' : unknown type field character ' ' in format specifier
C:\Users\MONSTER\source\repos\EndOfTermProject(FINAL)\EndOfTermProject(FINAL)\EndOfTermProject(FINAL).c(3298,17): warning C4476: 'printf' : unknown type field character ' ' in format specifier
C:\Users\MONSTER\source\repos\EndOfTermProject(FINAL)\EndOfTermProject(FINAL)\EndOfTermProject(FINAL).c(3385,17): warning C4476: 'printf' : unknown type field character ' ' in format specifier
C:\Users\MONSTER\source\repos\EndOfTermProject(FINAL)\EndOfTermProject(FINAL)\EndOfTermProject(FINAL).c(3419,17): warning C4476: 'printf' : unknown type field character ' ' in format specifier
C:\Users\MONSTER\source\repos\EndOfTermProject(FINAL)\EndOfTermProject(FINAL)\EndOfTermProject(FINAL).c(3453,17): warning C4476: 'printf' : unknown type field character ' ' in format specifier
C:\Users\MONSTER\source\repos\EndOfTermProject(FINAL)\EndOfTermProject(FINAL)\EndOfTermProject(FINAL).c(3487,17): warning C4476: 'printf' : unknown type field character ' ' in format specifier
C:\Users\MONSTER\source\repos\EndOfTermProject(FINAL)\EndOfTermProject(FINAL)\EndOfTermProject(FINAL).c(3521,17): warning C4476: 'printf' : unknown type field character ' ' in format specifier
C:\Users\MONSTER\source\repos\EndOfTermProject(FINAL)\EndOfTermProject(FINAL)\EndOfTermProject(FINAL).c(3585,17): warning C4476: 'printf' : unknown type field character ' ' in format specifier
C:\Users\MONSTER\source\repos\EndOfTermProject(FINAL)\EndOfTermProject(FINAL)\EndOfTermProject(FINAL).c(3619,17): warning C4476: 'printf' : unknown type field character ' ' in format specifier
C:\Users\MONSTER\source\repos\EndOfTermProject(FINAL)\EndOfTermProject(FINAL)\EndOfTermProject(FINAL).c(3653,17): warning C4476: 'printf' : unknown type field character ' ' in format specifier
C:\Users\MONSTER\source\repos\EndOfTermProject(FINAL)\EndOfTermProject(FINAL)\EndOfTermProject(FINAL).c(3687,17): warning C4476: 'printf' : unknown type field character ' ' in format specifier
C:\Users\MONSTER\source\repos\EndOfTermProject(FINAL)\EndOfTermProject(FINAL)\EndOfTermProject(FINAL).c(3721,17): warning C4476: 'printf' : unknown type field character ' ' in format specifier
C:\Users\MONSTER\source\repos\EndOfTermProject(FINAL)\EndOfTermProject(FINAL)\EndOfTermProject(FINAL).c(3784,17): warning C4476: 'printf' : unknown type field character ' ' in format specifier
C:\Users\MONSTER\source\repos\EndOfTermProject(FINAL)\EndOfTermProject(FINAL)\EndOfTermProject(FINAL).c(3818,17): warning C4476: 'printf' : unknown type field character ' ' in format specifier
C:\Users\MONSTER\source\repos\EndOfTermProject(FINAL)\EndOfTermProject(FINAL)\EndOfTermProject(FINAL).c(3852,17): warning C4476: 'printf' : unknown type field character ' ' in format specifier
C:\Users\MONSTER\source\repos\EndOfTermProject(FINAL)\EndOfTermProject(FINAL)\EndOfTermProject(FINAL).c(3886,17): warning C4476: 'printf' : unknown type field character ' ' in format specifier
C:\Users\MONSTER\source\repos\EndOfTermProject(FINAL)\EndOfTermProject(FINAL)\EndOfTermProject(FINAL).c(3976,17): warning C4476: 'printf' : unknown type field character ' ' in format specifier
C:\Users\MONSTER\source\repos\EndOfTermProject(FINAL)\EndOfTermProject(FINAL)\EndOfTermProject(FINAL).c(4010,17): warning C4476: 'printf' : unknown type field character ' ' in format specifier
C:\Users\MONSTER\source\repos\EndOfTermProject(FINAL)\EndOfTermProject(FINAL)\EndOfTermProject(FINAL).c(4044,17): warning C4476: 'printf' : unknown type field character ' ' in format specifier
C:\Users\MONSTER\source\repos\EndOfTermProject(FINAL)\EndOfTermProject(FINAL)\EndOfTermProject(FINAL).c(4107,17): warning C4476: 'printf' : unknown type field character ' ' in format specifier
C:\Users\MONSTER\source\repos\EndOfTermProject(FINAL)\EndOfTermProject(FINAL)\EndOfTermProject(FINAL).c(4141,17): warning C4476: 'printf' : unknown type field character ' ' in format specifier
C:\Users\MONSTER\source\repos\EndOfTermProject(FINAL)\EndOfTermProject(FINAL)\EndOfTermProject(FINAL).c(4175,17): warning C4476: 'printf' : unknown type field character ' ' in format specifier
C:\Users\MONSTER\source\repos\EndOfTermProject(FINAL)\EndOfTermProject(FINAL)\EndOfTermProject(FINAL).c(4209,17): warning C4476: 'printf' : unknown type field character ' ' in format specifier
C:\Users\MONSTER\source\repos\EndOfTermProject(FINAL)\EndOfTermProject(FINAL)\EndOfTermProject(FINAL).c(4272,17): warning C4476: 'printf' : unknown type field character ' ' in format specifier
C:\Users\MONSTER\source\repos\EndOfTermProject(FINAL)\EndOfTermProject(FINAL)\EndOfTermProject(FINAL).c(4306,17): warning C4476: 'printf' : unknown type field character ' ' in format specifier
C:\Users\MONSTER\source\repos\EndOfTermProject(FINAL)\EndOfTermProject(FINAL)\EndOfTermProject(FINAL).c(4340,17): warning C4476: 'printf' : unknown type field character ' ' in format specifier
C:\Users\MONSTER\source\repos\EndOfTermProject(FINAL)\EndOfTermProject(FINAL)\EndOfTermProject(FINAL).c(4403,17): warning C4476: 'printf' : unknown type field character ' ' in format specifier
C:\Users\MONSTER\source\repos\EndOfTermProject(FINAL)\EndOfTermProject(FINAL)\EndOfTermProject(FINAL).c(4437,17): warning C4476: 'printf' : unknown type field character ' ' in format specifier
C:\Users\MONSTER\source\repos\EndOfTermProject(FINAL)\EndOfTermProject(FINAL)\EndOfTermProject(FINAL).c(4471,17): warning C4476: 'printf' : unknown type field character ' ' in format specifier
C:\Users\MONSTER\source\repos\EndOfTermProject(FINAL)\EndOfTermProject(FINAL)\EndOfTermProject(FINAL).c(4505,17): warning C4476: 'printf' : unknown type field character ' ' in format specifier
C:\Users\MONSTER\source\repos\EndOfTermProject(FINAL)\EndOfTermProject(FINAL)\EndOfTermProject(FINAL).c(4539,25): warning C4047: '==': 'int' differs in levels of indirection from 'void *'
C:\Users\MONSTER\source\repos\EndOfTermProject(FINAL)\EndOfTermProject(FINAL)\EndOfTermProject(FINAL).c(7,8): warning C4305: 'initializing': truncation from 'double' to 'float'
  EndOfTermProject(FINAL).vcxproj -> C:\Users\MONSTER\source\repos\EndOfTermProject(FINAL)\x64\Debug\EndOfTermProject(FINAL).exe
